SF:lib/Presentation/screens/testfile.dart
DA:11,1
DA:13,1
DA:14,1
DA:22,0
DA:24,0
DA:25,0
DA:28,0
DA:29,0
DA:30,0
DA:38,0
DA:39,0
DA:40,0
DA:42,0
DA:43,0
DA:46,0
DA:48,0
DA:54,1
DA:56,1
DA:57,1
DA:65,1
DA:66,1
DA:67,1
DA:68,4
DA:69,4
DA:70,1
DA:71,4
DA:72,1
DA:78,1
DA:79,4
DA:80,4
DA:81,1
DA:82,4
DA:83,4
DA:84,1
DA:86,1
DA:87,1
DA:88,1
DA:89,1
DA:96,1
DA:98,1
DA:100,1
DA:101,1
DA:102,4
DA:103,1
DA:104,1
DA:106,4
DA:107,4
DA:110,1
DA:111,4
DA:118,1
DA:119,1
DA:120,1
DA:121,1
DA:122,1
DA:124,1
DA:125,1
DA:130,1
DA:131,1
DA:136,1
DA:137,1
DA:151,1
DA:152,1
DA:153,1
DA:154,1
DA:155,1
DA:156,1
DA:158,1
DA:159,1
DA:164,1
DA:165,1
DA:170,1
DA:171,1
DA:176,1
DA:177,1
DA:178,1
DA:183,0
DA:185,0
DA:186,0
DA:193,1
DA:194,1
DA:195,1
DA:196,1
DA:197,0
DA:198,0
DA:199,0
DA:210,1
DA:211,0
DA:212,0
DA:214,0
DA:227,1
DA:228,1
DA:229,1
DA:230,1
DA:233,1
DA:234,5
LF:95
LH:73
end_of_record
SF:lib/Data/Models/Loginmodel.dart
DA:5,0
LF:1
LH:0
end_of_record
SF:lib/Data/Repositories/Login_repo.dart
DA:7,0
DA:11,0
DA:13,0
DA:15,0
DA:16,0
DA:20,0
DA:22,0
LF:7
LH:0
end_of_record
SF:lib/Presentation/widgets/EmailforOtp.dart
DA:7,1
DA:9,0
DA:10,0
DA:19,0
DA:21,0
DA:22,0
DA:25,0
DA:27,0
DA:29,0
DA:30,0
DA:31,0
DA:32,0
DA:35,0
DA:36,0
DA:43,0
DA:45,0
DA:46,0
DA:49,0
DA:50,0
DA:51,0
DA:53,0
DA:56,0
DA:59,0
DA:60,0
DA:61,0
DA:62,0
DA:63,0
DA:67,0
DA:72,0
DA:79,0
DA:85,0
DA:89,0
DA:93,0
DA:94,0
DA:98,0
DA:99,0
DA:103,0
DA:104,0
DA:108,0
DA:113,0
DA:115,0
DA:117,0
DA:118,0
DA:119,0
DA:121,0
DA:126,0
DA:127,0
DA:129,0
DA:130,0
DA:132,0
DA:133,0
DA:136,0
DA:137,0
DA:144,0
DA:146,0
DA:148,0
DA:149,0
DA:157,0
DA:158,0
DA:159,0
DA:160,0
LF:61
LH:1
end_of_record
SF:lib/Presentation/widgets/Forget_Password.dart
DA:9,0
DA:11,0
DA:12,0
DA:21,0
DA:23,0
DA:25,0
DA:26,0
DA:29,0
DA:31,0
DA:33,0
DA:34,0
DA:35,0
DA:36,0
DA:39,0
DA:40,0
DA:47,0
DA:49,0
DA:50,0
DA:53,0
DA:57,0
DA:58,0
DA:59,0
DA:65,0
DA:67,0
DA:68,0
DA:69,0
DA:70,0
DA:71,0
DA:72,0
DA:77,0
DA:78,0
DA:83,0
DA:88,0
DA:90,0
DA:92,0
DA:94,0
DA:97,0
DA:99,0
DA:100,0
DA:105,0
DA:107,0
DA:108,0
DA:109,0
DA:111,0
DA:113,0
DA:114,0
DA:115,0
DA:118,0
DA:121,0
DA:122,0
DA:123,0
DA:124,0
DA:133,0
DA:134,0
DA:135,0
DA:136,0
LF:56
LH:0
end_of_record
SF:lib/Presentation/widgets/Newpassword.dart
DA:8,0
DA:10,0
DA:11,0
DA:18,0
DA:20,0
DA:22,0
DA:23,0
DA:25,0
DA:30,0
DA:31,0
DA:34,0
DA:37,0
DA:38,0
DA:41,0
DA:44,0
DA:46,0
DA:48,0
DA:49,0
DA:50,0
DA:59,0
DA:60,0
DA:61,0
DA:62,0
DA:70,0
DA:71,0
DA:72,0
DA:74,0
DA:76,0
DA:80,0
DA:89,0
DA:93,0
DA:94,0
DA:95,0
DA:98,0
DA:104,0
DA:106,0
DA:107,0
DA:109,0
DA:113,0
DA:114,0
DA:119,0
LF:41
LH:0
end_of_record
